# JRE version: Java(TM) SE Runtime Environment (8.0_72-b15) (build 1.8.0_72-b15)
# Java VM: Java HotSpot(TM) 64-Bit Server VM (25.72-b15 mixed mode windows-amd64 compressed oops)
Heap:
 PSYoungGen      total 243200K, used 60959K [0x00000000d6800000, 0x00000000ee600000, 0x0000000100000000)
  eden space 219136K, 27% used [0x00000000d6800000,0x00000000da387ce0,0x00000000e3e00000)
  from space 24064K, 0% used [0x00000000e3e00000,0x00000000e3e00000,0x00000000e5580000)
  to   space 34816K, 0% used [0x00000000ec400000,0x00000000ec400000,0x00000000ee600000)
 ParOldGen       total 129536K, used 53399K [0x0000000083800000, 0x000000008b680000, 0x00000000d6800000)
  object space 129536K, 41% used [0x0000000083800000,0x0000000086c25e38,0x000000008b680000)
 Metaspace       used 26103K, capacity 26732K, committed 27008K, reserved 1073152K
  class space    used 3012K, capacity 3199K, committed 3200K, reserved 1048576K
GC Heap History (10 events):
Event: 6.161 GC heap before
{Heap before GC invocations=7 (full 1):
 PSYoungGen      total 140800K, used 9738K [0x00000000d6800000, 0x00000000dff00000, 0x0000000100000000)
  eden space 130048K, 0% used [0x00000000d6800000,0x00000000d6800000,0x00000000de700000)
  from space 10752K, 90% used [0x00000000df280000,0x00000000dfc029d8,0x00000000dfd00000)
  to   space 11776K, 0% used [0x00000000de700000,0x00000000de700000,0x00000000df280000)
 ParOldGen       total 86016K, used 12571K [0x0000000083800000, 0x0000000088c00000, 0x00000000d6800000)
  object space 86016K, 14% used [0x0000000083800000,0x0000000084446d50,0x0000000088c00000)
 Metaspace       used 20673K, capacity 21164K, committed 21248K, reserved 1069056K
  class space    used 2406K, capacity 2559K, committed 2560K, reserved 1048576K
Event: 6.215 GC heap after
Heap after GC invocations=7 (full 1):
 PSYoungGen      total 140800K, used 0K [0x00000000d6800000, 0x00000000dff00000, 0x0000000100000000)
  eden space 130048K, 0% used [0x00000000d6800000,0x00000000d6800000,0x00000000de700000)
  from space 10752K, 0% used [0x00000000df280000,0x00000000df280000,0x00000000dfd00000)
  to   space 11776K, 0% used [0x00000000de700000,0x00000000de700000,0x00000000df280000)
 ParOldGen       total 66560K, used 15532K [0x0000000083800000, 0x0000000087900000, 0x00000000d6800000)
  object space 66560K, 23% used [0x0000000083800000,0x000000008472b0c8,0x0000000087900000)
 Metaspace       used 20673K, capacity 21164K, committed 21248K, reserved 1069056K
  class space    used 2406K, capacity 2559K, committed 2560K, reserved 1048576K
}
Event: 7.282 GC heap before
{Heap before GC invocations=8 (full 1):
 PSYoungGen      total 140800K, used 130048K [0x00000000d6800000, 0x00000000dff00000, 0x0000000100000000)
  eden space 130048K, 100% used [0x00000000d6800000,0x00000000de700000,0x00000000de700000)
  from space 10752K, 0% used [0x00000000df280000,0x00000000df280000,0x00000000dfd00000)
  to   space 11776K, 0% used [0x00000000de700000,0x00000000de700000,0x00000000df280000)
 ParOldGen       total 66560K, used 15532K [0x0000000083800000, 0x0000000087900000, 0x00000000d6800000)
  object space 66560K, 23% used [0x0000000083800000,0x000000008472b0c8,0x0000000087900000)
 Metaspace       used 24094K, capacity 24688K, committed 24832K, reserved 1071104K
  class space    used 2795K, capacity 2966K, committed 3072K, reserved 1048576K
Event: 7.344 GC heap after
Heap after GC invocations=8 (full 1):
 PSYoungGen      total 141824K, used 11760K [0x00000000d6800000, 0x00000000e6680000, 0x0000000100000000)
  eden space 130048K, 0% used [0x00000000d6800000,0x00000000d6800000,0x00000000de700000)
  from space 11776K, 99% used [0x00000000de700000,0x00000000df27c060,0x00000000df280000)
  to   space 17408K, 0% used [0x00000000e5580000,0x00000000e5580000,0x00000000e6680000)
 ParOldGen       total 66560K, used 24201K [0x0000000083800000, 0x0000000087900000, 0x00000000d6800000)
  object space 66560K, 36% used [0x0000000083800000,0x0000000084fa2478,0x0000000087900000)
 Metaspace       used 24094K, capacity 24688K, committed 24832K, reserved 1071104K
  class space    used 2795K, capacity 2966K, committed 3072K, reserved 1048576K
}
Event: 8.143 GC heap before
{Heap before GC invocations=9 (full 1):
 PSYoungGen      total 141824K, used 141808K [0x00000000d6800000, 0x00000000e6680000, 0x0000000100000000)
  eden space 130048K, 100% used [0x00000000d6800000,0x00000000de700000,0x00000000de700000)
  from space 11776K, 99% used [0x00000000de700000,0x00000000df27c060,0x00000000df280000)
  to   space 17408K, 0% used [0x00000000e5580000,0x00000000e5580000,0x00000000e6680000)
 ParOldGen       total 66560K, used 24201K [0x0000000083800000, 0x0000000087900000, 0x00000000d6800000)
  object space 66560K, 36% used [0x0000000083800000,0x0000000084fa2478,0x0000000087900000)
 Metaspace       used 24104K, capacity 24692K, committed 24832K, reserved 1071104K
  class space    used 2796K, capacity 2966K, committed 3072K, reserved 1048576K
Event: 8.174 GC heap after
Heap after GC invocations=9 (full 1):
 PSYoungGen      total 236544K, used 17397K [0x00000000d6800000, 0x00000000e7680000, 0x0000000100000000)
  eden space 219136K, 0% used [0x00000000d6800000,0x00000000d6800000,0x00000000e3e00000)
  from space 17408K, 99% used [0x00000000e5580000,0x00000000e667d5f0,0x00000000e6680000)
  to   space 24064K, 0% used [0x00000000e3e00000,0x00000000e3e00000,0x00000000e5580000)
 ParOldGen       total 66560K, used 33361K [0x0000000083800000, 0x0000000087900000, 0x00000000d6800000)
  object space 66560K, 50% used [0x0000000083800000,0x0000000085894740,0x0000000087900000)
 Metaspace       used 24104K, capacity 24692K, committed 24832K, reserved 1071104K
  class space    used 2796K, capacity 2966K, committed 3072K, reserved 1048576K
}
Event: 9.084 GC heap before
{Heap before GC invocations=10 (full 1):
 PSYoungGen      total 236544K, used 236533K [0x00000000d6800000, 0x00000000e7680000, 0x0000000100000000)
  eden space 219136K, 100% used [0x00000000d6800000,0x00000000e3e00000,0x00000000e3e00000)
  from space 17408K, 99% used [0x00000000e5580000,0x00000000e667d5f0,0x00000000e6680000)
  to   space 24064K, 0% used [0x00000000e3e00000,0x00000000e3e00000,0x00000000e5580000)
 ParOldGen       total 66560K, used 33361K [0x0000000083800000, 0x0000000087900000, 0x00000000d6800000)
  object space 66560K, 50% used [0x0000000083800000,0x0000000085894740,0x0000000087900000)
 Metaspace       used 24127K, capacity 24702K, committed 24832K, reserved 1071104K
  class space    used 2799K, capacity 2968K, committed 3072K, reserved 1048576K
Event: 9.122 GC heap after
Heap after GC invocations=10 (full 1):
 PSYoungGen      total 243200K, used 24038K [0x00000000d6800000, 0x00000000ee600000, 0x0000000100000000)
  eden space 219136K, 0% used [0x00000000d6800000,0x00000000d6800000,0x00000000e3e00000)
  from space 24064K, 99% used [0x00000000e3e00000,0x00000000e5579ac8,0x00000000e5580000)
  to   space 34816K, 0% used [0x00000000ec400000,0x00000000ec400000,0x00000000ee600000)
 ParOldGen       total 66560K, used 51298K [0x0000000083800000, 0x0000000087900000, 0x00000000d6800000)
  object space 66560K, 77% used [0x0000000083800000,0x0000000086a18900,0x0000000087900000)
 Metaspace       used 24127K, capacity 24702K, committed 24832K, reserved 1071104K
  class space    used 2799K, capacity 2968K, committed 3072K, reserved 1048576K
}
Event: 9.122 GC heap before
{Heap before GC invocations=11 (full 2):
 PSYoungGen      total 243200K, used 24038K [0x00000000d6800000, 0x00000000ee600000, 0x0000000100000000)
  eden space 219136K, 0% used [0x00000000d6800000,0x00000000d6800000,0x00000000e3e00000)
  from space 24064K, 99% used [0x00000000e3e00000,0x00000000e5579ac8,0x00000000e5580000)
  to   space 34816K, 0% used [0x00000000ec400000,0x00000000ec400000,0x00000000ee600000)
 ParOldGen       total 66560K, used 51298K [0x0000000083800000, 0x0000000087900000, 0x00000000d6800000)
  object space 66560K, 77% used [0x0000000083800000,0x0000000086a18900,0x0000000087900000)
 Metaspace       used 24127K, capacity 24702K, committed 24832K, reserved 1071104K
  class space    used 2799K, capacity 2968K, committed 3072K, reserved 1048576K
Event: 9.189 GC heap after
Heap after GC invocations=11 (full 2):
 PSYoungGen      total 243200K, used 0K [0x00000000d6800000, 0x00000000ee600000, 0x0000000100000000)
  eden space 219136K, 0% used [0x00000000d6800000,0x00000000d6800000,0x00000000e3e00000)
  from space 24064K, 0% used [0x00000000e3e00000,0x00000000e3e00000,0x00000000e5580000)
  to   space 34816K, 0% used [0x00000000ec400000,0x00000000ec400000,0x00000000ee600000)
 ParOldGen       total 129536K, used 53399K [0x0000000083800000, 0x000000008b680000, 0x00000000d6800000)
  object space 129536K, 41% used [0x0000000083800000,0x0000000086c25e38,0x000000008b680000)
 Metaspace       used 24127K, capacity 24702K, committed 24832K, reserved 1071104K
  class space    used 2799K, capacity 2968K, committed 3072K, reserved 1048576K
}

